# JRE version: Java(TM) SE Runtime Environment (8.0_91-b14) (build 1.8.0_91-b14)
# Java VM: Java HotSpot(TM) 64-Bit Server VM (25.91-b14 mixed mode windows-amd64 compressed oops)
Heap:
 PSYoungGen      total 57344K, used 33828K [0x00000000d5e00000, 0x00000000da000000, 0x0000000100000000)
  eden space 48128K, 59% used [0x00000000d5e00000,0x00000000d7a30210,0x00000000d8d00000)
  from space 9216K, 53% used [0x00000000d9700000,0x00000000d9bd90f8,0x00000000da000000)
  to   space 9728K, 0% used [0x00000000d8d00000,0x00000000d8d00000,0x00000000d9680000)
 ParOldGen       total 65536K, used 10443K [0x0000000081a00000, 0x0000000085a00000, 0x00000000d5e00000)
  object space 65536K, 15% used [0x0000000081a00000,0x0000000082432cb8,0x0000000085a00000)
 Metaspace       used 31231K, capacity 31840K, committed 32128K, reserved 1077248K
  class space    used 3934K, capacity 4152K, committed 4224K, reserved 1048576K
GC Heap History (10 events):
Event: 2.691 GC heap before
{Heap before GC invocations=3 (full 0):
 PSYoungGen      total 38400K, used 38388K [0x00000000d5e00000, 0x00000000d8880000, 0x0000000100000000)
  eden space 33280K, 100% used [0x00000000d5e00000,0x00000000d7e80000,0x00000000d7e80000)
  from space 5120K, 99% used [0x00000000d8380000,0x00000000d887d050,0x00000000d8880000)
  to   space 5120K, 0% used [0x00000000d7e80000,0x00000000d7e80000,0x00000000d8380000)
 ParOldGen       total 87552K, used 1047K [0x0000000081a00000, 0x0000000086f80000, 0x00000000d5e00000)
  object space 87552K, 1% used [0x0000000081a00000,0x0000000081b05ca0,0x0000000086f80000)
 Metaspace       used 19975K, capacity 20310K, committed 20608K, reserved 1067008K
  class space    used 2556K, capacity 2685K, committed 2688K, reserved 1048576K
Event: 2.699 GC heap after
Heap after GC invocations=3 (full 0):
 PSYoungGen      total 38400K, used 5110K [0x00000000d5e00000, 0x00000000d8880000, 0x0000000100000000)
  eden space 33280K, 0% used [0x00000000d5e00000,0x00000000d5e00000,0x00000000d7e80000)
  from space 5120K, 99% used [0x00000000d7e80000,0x00000000d837d878,0x00000000d8380000)
  to   space 5120K, 0% used [0x00000000d8380000,0x00000000d8380000,0x00000000d8880000)
 ParOldGen       total 87552K, used 5304K [0x0000000081a00000, 0x0000000086f80000, 0x00000000d5e00000)
  object space 87552K, 6% used [0x0000000081a00000,0x0000000081f2e3c8,0x0000000086f80000)
 Metaspace       used 19975K, capacity 20310K, committed 20608K, reserved 1067008K
  class space    used 2556K, capacity 2685K, committed 2688K, reserved 1048576K
}
Event: 2.896 GC heap before
{Heap before GC invocations=4 (full 0):
 PSYoungGen      total 38400K, used 13533K [0x00000000d5e00000, 0x00000000d8880000, 0x0000000100000000)
  eden space 33280K, 25% used [0x00000000d5e00000,0x00000000d6639cb8,0x00000000d7e80000)
  from space 5120K, 99% used [0x00000000d7e80000,0x00000000d837d878,0x00000000d8380000)
  to   space 5120K, 0% used [0x00000000d8380000,0x00000000d8380000,0x00000000d8880000)
 ParOldGen       total 87552K, used 5304K [0x0000000081a00000, 0x0000000086f80000, 0x00000000d5e00000)
  object space 87552K, 6% used [0x0000000081a00000,0x0000000081f2e3c8,0x0000000086f80000)
 Metaspace       used 20845K, capacity 21116K, committed 21248K, reserved 1067008K
  class space    used 2654K, capacity 2782K, committed 2816K, reserved 1048576K
Event: 2.902 GC heap after
Heap after GC invocations=4 (full 0):
 PSYoungGen      total 38400K, used 5110K [0x00000000d5e00000, 0x00000000da900000, 0x0000000100000000)
  eden space 33280K, 0% used [0x00000000d5e00000,0x00000000d5e00000,0x00000000d7e80000)
  from space 5120K, 99% used [0x00000000d8380000,0x00000000d887d898,0x00000000d8880000)
  to   space 5120K, 0% used [0x00000000d7e80000,0x00000000d7e80000,0x00000000d8380000)
 ParOldGen       total 87552K, used 6810K [0x0000000081a00000, 0x0000000086f80000, 0x00000000d5e00000)
  object space 87552K, 7% used [0x0000000081a00000,0x00000000820a6aa0,0x0000000086f80000)
 Metaspace       used 20845K, capacity 21116K, committed 21248K, reserved 1067008K
  class space    used 2654K, capacity 2782K, committed 2816K, reserved 1048576K
}
Event: 2.902 GC heap before
{Heap before GC invocations=5 (full 1):
 PSYoungGen      total 38400K, used 5110K [0x00000000d5e00000, 0x00000000da900000, 0x0000000100000000)
  eden space 33280K, 0% used [0x00000000d5e00000,0x00000000d5e00000,0x00000000d7e80000)
  from space 5120K, 99% used [0x00000000d8380000,0x00000000d887d898,0x00000000d8880000)
  to   space 5120K, 0% used [0x00000000d7e80000,0x00000000d7e80000,0x00000000d8380000)
 ParOldGen       total 87552K, used 6810K [0x0000000081a00000, 0x0000000086f80000, 0x00000000d5e00000)
  object space 87552K, 7% used [0x0000000081a00000,0x00000000820a6aa0,0x0000000086f80000)
 Metaspace       used 20845K, capacity 21116K, committed 21248K, reserved 1067008K
  class space    used 2654K, capacity 2782K, committed 2816K, reserved 1048576K
Event: 2.937 GC heap after
Heap after GC invocations=5 (full 1):
 PSYoungGen      total 38400K, used 0K [0x00000000d5e00000, 0x00000000da900000, 0x0000000100000000)
  eden space 33280K, 0% used [0x00000000d5e00000,0x00000000d5e00000,0x00000000d7e80000)
  from space 5120K, 0% used [0x00000000d8380000,0x00000000d8380000,0x00000000d8880000)
  to   space 5120K, 0% used [0x00000000d7e80000,0x00000000d7e80000,0x00000000d8380000)
 ParOldGen       total 65536K, used 10427K [0x0000000081a00000, 0x0000000085a00000, 0x00000000d5e00000)
  object space 65536K, 15% used [0x0000000081a00000,0x000000008242ecb8,0x0000000085a00000)
 Metaspace       used 20845K, capacity 21116K, committed 21248K, reserved 1067008K
  class space    used 2654K, capacity 2782K, committed 2816K, reserved 1048576K
}
Event: 3.768 GC heap before
{Heap before GC invocations=6 (full 1):
 PSYoungGen      total 38400K, used 33280K [0x00000000d5e00000, 0x00000000da900000, 0x0000000100000000)
  eden space 33280K, 100% used [0x00000000d5e00000,0x00000000d7e80000,0x00000000d7e80000)
  from space 5120K, 0% used [0x00000000d8380000,0x00000000d8380000,0x00000000d8880000)
  to   space 5120K, 0% used [0x00000000d7e80000,0x00000000d7e80000,0x00000000d8380000)
 ParOldGen       total 65536K, used 10427K [0x0000000081a00000, 0x0000000085a00000, 0x00000000d5e00000)
  object space 65536K, 15% used [0x0000000081a00000,0x000000008242ecb8,0x0000000085a00000)
 Metaspace       used 26144K, capacity 26632K, committed 26880K, reserved 1073152K
  class space    used 3287K, capacity 3462K, committed 3584K, reserved 1048576K
Event: 3.773 GC heap after
Heap after GC invocations=6 (full 1):
 PSYoungGen      total 38400K, used 4553K [0x00000000d5e00000, 0x00000000da080000, 0x0000000100000000)
  eden space 33280K, 0% used [0x00000000d5e00000,0x00000000d5e00000,0x00000000d7e80000)
  from space 5120K, 88% used [0x00000000d7e80000,0x00000000d82f2778,0x00000000d8380000)
  to   space 9728K, 0% used [0x00000000d9700000,0x00000000d9700000,0x00000000da080000)
 ParOldGen       total 65536K, used 10435K [0x0000000081a00000, 0x0000000085a00000, 0x00000000d5e00000)
  object space 65536K, 15% used [0x0000000081a00000,0x0000000082430cb8,0x0000000085a00000)
 Metaspace       used 26144K, capacity 26632K, committed 26880K, reserved 1073152K
  class space    used 3287K, capacity 3462K, committed 3584K, reserved 1048576K
}
Event: 4.666 GC heap before
{Heap before GC invocations=7 (full 1):
 PSYoungGen      total 38400K, used 37833K [0x00000000d5e00000, 0x00000000da080000, 0x0000000100000000)
  eden space 33280K, 100% used [0x00000000d5e00000,0x00000000d7e80000,0x00000000d7e80000)
  from space 5120K, 88% used [0x00000000d7e80000,0x00000000d82f2778,0x00000000d8380000)
  to   space 9728K, 0% used [0x00000000d9700000,0x00000000d9700000,0x00000000da080000)
 ParOldGen       total 65536K, used 10435K [0x0000000081a00000, 0x0000000085a00000, 0x00000000d5e00000)
  object space 65536K, 15% used [0x0000000081a00000,0x0000000082430cb8,0x0000000085a00000)
 Metaspace       used 29433K, capacity 29914K, committed 30336K, reserved 1075200K
  class space    used 3726K, capacity 3913K, committed 3968K, reserved 1048576K
Event: 4.674 GC heap after
Heap after GC invocations=7 (full 1):
 PSYoungGen      total 57344K, used 4964K [0x00000000d5e00000, 0x00000000da000000, 0x0000000100000000)
  eden space 48128K, 0% used [0x00000000d5e00000,0x00000000d5e00000,0x00000000d8d00000)
  from space 9216K, 53% used [0x00000000d9700000,0x00000000d9bd90f8,0x00000000da000000)
  to   space 9728K, 0% used [0x00000000d8d00000,0x00000000d8d00000,0x00000000d9680000)
 ParOldGen       total 65536K, used 10443K [0x0000000081a00000, 0x0000000085a00000, 0x00000000d5e00000)
  object space 65536K, 15% used [0x0000000081a00000,0x0000000082432cb8,0x0000000085a00000)
 Metaspace       used 29433K, capacity 29914K, committed 30336K, reserved 1075200K
  class space    used 3726K, capacity 3913K, committed 3968K, reserved 1048576K
}

